<?xml version="1.0" encoding="UTF-8"?>
<testng-results ignored="0" total="1" passed="0" failed="1" skipped="0">
  <reporter-output>
  </reporter-output>
  <suite started-at="2024-05-18T12:38:49 IST" name="Default suite" finished-at="2024-05-18T12:38:50 IST" duration-ms="930">
    <groups>
    </groups>
    <test started-at="2024-05-18T12:38:49 IST" name="Default test" finished-at="2024-05-18T12:38:50 IST" duration-ms="930">
      <class name="com.dataprovider.WriteExcelsheet">
        <test-method signature="writeexcelsheet()[pri:0, instance:com.dataprovider.WriteExcelsheet@4b741d6d]" started-at="2024-05-18T12:38:49 IST" name="writeexcelsheet" finished-at="2024-05-18T12:38:50 IST" duration-ms="879" status="FAIL">
          <exception class="org.apache.poi.ss.formula.FormulaParseException">
            <message>
              <![CDATA[C' is not a proper reference.]]>
            </message>
            <full-stacktrace>
              <![CDATA[org.apache.poi.ss.formula.FormulaParseException: C' is not a proper reference.
at org.apache.poi.ss.formula.FormulaParser.parseRangeable(FormulaParser.java:523)
at org.apache.poi.ss.formula.FormulaParser.parseRangeExpression(FormulaParser.java:325)
at org.apache.poi.ss.formula.FormulaParser.parseSimpleFactor(FormulaParser.java:1553)
at org.apache.poi.ss.formula.FormulaParser.percentFactor(FormulaParser.java:1511)
at org.apache.poi.ss.formula.FormulaParser.powerFactor(FormulaParser.java:1498)
at org.apache.poi.ss.formula.FormulaParser.Term(FormulaParser.java:1872)
at org.apache.poi.ss.formula.FormulaParser.additiveExpression(FormulaParser.java:1999)
at org.apache.poi.ss.formula.FormulaParser.concatExpression(FormulaParser.java:1983)
at org.apache.poi.ss.formula.FormulaParser.comparisonExpression(FormulaParser.java:1940)
at org.apache.poi.ss.formula.FormulaParser.intersectionExpression(FormulaParser.java:1913)
at org.apache.poi.ss.formula.FormulaParser.unionExpression(FormulaParser.java:1894)
at org.apache.poi.ss.formula.FormulaParser.parse(FormulaParser.java:2041)
at org.apache.poi.ss.formula.FormulaParser.parse(FormulaParser.java:173)
at org.apache.poi.xssf.usermodel.XSSFCell.setFormula(XSSFCell.java:480)
at org.apache.poi.xssf.usermodel.XSSFCell.setCellFormulaImpl(XSSFCell.java:460)
at org.apache.poi.ss.usermodel.CellBase.setCellFormula(CellBase.java:124)
at com.Readexcel.WriteExcel.writeExcel(WriteExcel.java:23)
at com.dataprovider.WriteExcelsheet.writeexcelsheet(WriteExcelsheet.java:13)
at java.base/jdk.internal.reflect.NativeMethodAccessorImpl.invoke0(Native Method)
at java.base/jdk.internal.reflect.NativeMethodAccessorImpl.invoke(NativeMethodAccessorImpl.java:77)
at java.base/jdk.internal.reflect.DelegatingMethodAccessorImpl.invoke(DelegatingMethodAccessorImpl.java:43)
at java.base/java.lang.reflect.Method.invoke(Method.java:568)
at org.testng.internal.invokers.MethodInvocationHelper.invokeMethod(MethodInvocationHelper.java:139)
at org.testng.internal.invokers.TestInvoker.invokeMethod(TestInvoker.java:664)
at org.testng.internal.invokers.TestInvoker.invokeTestMethod(TestInvoker.java:227)
at org.testng.internal.invokers.MethodRunner.runInSequence(MethodRunner.java:50)
at org.testng.internal.invokers.TestInvoker$MethodInvocationAgent.invoke(TestInvoker.java:957)
at org.testng.internal.invokers.TestInvoker.invokeTestMethods(TestInvoker.java:200)
at org.testng.internal.invokers.TestMethodWorker.invokeTestMethods(TestMethodWorker.java:148)
at org.testng.internal.invokers.TestMethodWorker.run(TestMethodWorker.java:128)
at java.base/java.util.ArrayList.forEach(ArrayList.java:1511)
at org.testng.TestRunner.privateRun(TestRunner.java:848)
at org.testng.TestRunner.run(TestRunner.java:621)
at org.testng.SuiteRunner.runTest(SuiteRunner.java:443)
at org.testng.SuiteRunner.runSequentially(SuiteRunner.java:437)
at org.testng.SuiteRunner.privateRun(SuiteRunner.java:397)
at org.testng.SuiteRunner.run(SuiteRunner.java:336)
at org.testng.SuiteRunnerWorker.runSuite(SuiteRunnerWorker.java:52)
at org.testng.SuiteRunnerWorker.run(SuiteRunnerWorker.java:95)
at org.testng.TestNG.runSuitesSequentially(TestNG.java:1280)
at org.testng.TestNG.runSuitesLocally(TestNG.java:1200)
at org.testng.TestNG.runSuites(TestNG.java:1114)
at org.testng.TestNG.run(TestNG.java:1082)
at org.testng.remote.AbstractRemoteTestNG.run(AbstractRemoteTestNG.java:115)
at org.testng.remote.RemoteTestNG.initAndRun(RemoteTestNG.java:293)
at org.testng.remote.RemoteTestNG.main(RemoteTestNG.java:91)
]]>
            </full-stacktrace>
          </exception> <!-- org.apache.poi.ss.formula.FormulaParseException -->
          <reporter-output>
          </reporter-output>
        </test-method> <!-- writeexcelsheet -->
      </class> <!-- com.dataprovider.WriteExcelsheet -->
    </test> <!-- Default test -->
  </suite> <!-- Default suite -->
</testng-results>
